{"/home/yrto/tests/parque-pessoas-microservice/src/config.js": {"path":"/home/yrto/tests/parque-pessoas-microservice/src/config.js","statementMap":{"0":{"start":{"line":1,"column":0},"end":{"line":1,"column":27}},"1":{"start":{"line":10,"column":4},"end":{"line":10,"column":15}},"2":{"start":{"line":12,"column":0},"end":{"line":19,"column":2}}},"fnMap":{},"branchMap":{},"s":{"0":1,"1":1,"2":1},"f":{},"b":{},"_coverageSchema":"1a1c01bbd47fc00a2c39e90264f33305004495a9","hash":"da63d76238aa8170e69c9ddb007d65cd96494574"}
,"/home/yrto/tests/parque-pessoas-microservice/src/database/pessoa.js": {"path":"/home/yrto/tests/parque-pessoas-microservice/src/database/pessoa.js","statementMap":{"0":{"start":{"line":1,"column":17},"end":{"line":1,"column":36}},"1":{"start":{"line":5,"column":21},"end":{"line":10,"column":2}},"2":{"start":{"line":14,"column":20},"end":{"line":14,"column":58}},"3":{"start":{"line":18,"column":0},"end":{"line":18,"column":47}}},"fnMap":{},"branchMap":{},"s":{"0":1,"1":1,"2":1,"3":1},"f":{},"b":{},"_coverageSchema":"1a1c01bbd47fc00a2c39e90264f33305004495a9","hash":"cfc6e11d2db52753f44cd9b01882b60fdc2251d6"}
,"/home/yrto/tests/parque-pessoas-microservice/src/middlewares/errorTreatment.js": {"path":"/home/yrto/tests/parque-pessoas-microservice/src/middlewares/errorTreatment.js","statementMap":{"0":{"start":{"line":1,"column":28},"end":{"line":1,"column":57}},"1":{"start":{"line":2,"column":15},"end":{"line":2,"column":44}},"2":{"start":{"line":4,"column":33},"end":{"line":12,"column":1}},"3":{"start":{"line":5,"column":2},"end":{"line":9,"column":3}},"4":{"start":{"line":6,"column":4},"end":{"line":6,"column":41}},"5":{"start":{"line":7,"column":4},"end":{"line":7,"column":30}},"6":{"start":{"line":8,"column":4},"end":{"line":8,"column":11}},"7":{"start":{"line":10,"column":2},"end":{"line":10,"column":28}},"8":{"start":{"line":11,"column":2},"end":{"line":11,"column":34}},"9":{"start":{"line":14,"column":0},"end":{"line":14,"column":42}}},"fnMap":{"0":{"name":"(anonymous_0)","decl":{"start":{"line":4,"column":33},"end":{"line":4,"column":34}},"loc":{"start":{"line":4,"column":58},"end":{"line":12,"column":1}},"line":4}},"branchMap":{"0":{"loc":{"start":{"line":5,"column":2},"end":{"line":9,"column":3}},"type":"if","locations":[{"start":{"line":5,"column":2},"end":{"line":9,"column":3}},{"start":{"line":5,"column":2},"end":{"line":9,"column":3}}],"line":5}},"s":{"0":1,"1":1,"2":1,"3":3,"4":1,"5":1,"6":1,"7":2,"8":2,"9":1},"f":{"0":3},"b":{"0":[1,2]},"_coverageSchema":"1a1c01bbd47fc00a2c39e90264f33305004495a9","hash":"de1a1efdbd72a824bcfa6b6363fa8c48d03016e0"}
,"/home/yrto/tests/parque-pessoas-microservice/src/services/checarIngressoInfo.js": {"path":"/home/yrto/tests/parque-pessoas-microservice/src/services/checarIngressoInfo.js","statementMap":{"0":{"start":{"line":3,"column":27},"end":{"line":19,"column":1}},"1":{"start":{"line":4,"column":21},"end":{"line":7,"column":3}},"2":{"start":{"line":8,"column":2},"end":{"line":12,"column":6}},"3":{"start":{"line":9,"column":4},"end":{"line":12,"column":6}},"4":{"start":{"line":13,"column":2},"end":{"line":17,"column":6}},"5":{"start":{"line":14,"column":4},"end":{"line":17,"column":6}},"6":{"start":{"line":18,"column":2},"end":{"line":18,"column":22}},"7":{"start":{"line":23,"column":0},"end":{"line":23,"column":36}}},"fnMap":{"0":{"name":"(anonymous_0)","decl":{"start":{"line":3,"column":27},"end":{"line":3,"column":28}},"loc":{"start":{"line":3,"column":39},"end":{"line":19,"column":1}},"line":3}},"branchMap":{"0":{"loc":{"start":{"line":8,"column":2},"end":{"line":12,"column":6}},"type":"if","locations":[{"start":{"line":8,"column":2},"end":{"line":12,"column":6}},{"start":{"line":8,"column":2},"end":{"line":12,"column":6}}],"line":8},"1":{"loc":{"start":{"line":13,"column":2},"end":{"line":17,"column":6}},"type":"if","locations":[{"start":{"line":13,"column":2},"end":{"line":17,"column":6}},{"start":{"line":13,"column":2},"end":{"line":17,"column":6}}],"line":13}},"s":{"0":1,"1":3,"2":3,"3":1,"4":3,"5":1,"6":3,"7":1},"f":{"0":3},"b":{"0":[1,2],"1":[1,2]},"_coverageSchema":"1a1c01bbd47fc00a2c39e90264f33305004495a9","hash":"fda8c76a7f2094381285ecb1984a6e7295b1bbd5"}
,"/home/yrto/tests/parque-pessoas-microservice/src/services/criarDAO.js": {"path":"/home/yrto/tests/parque-pessoas-microservice/src/services/criarDAO.js","statementMap":{"0":{"start":{"line":1,"column":24},"end":{"line":1,"column":53}},"1":{"start":{"line":2,"column":19},"end":{"line":2,"column":36}},"2":{"start":{"line":6,"column":17},"end":{"line":10,"column":4}},"3":{"start":{"line":7,"column":2},"end":{"line":10,"column":4}},"4":{"start":{"line":14,"column":0},"end":{"line":14,"column":26}}},"fnMap":{"0":{"name":"(anonymous_0)","decl":{"start":{"line":6,"column":17},"end":{"line":6,"column":18}},"loc":{"start":{"line":7,"column":2},"end":{"line":10,"column":4}},"line":7}},"branchMap":{},"s":{"0":1,"1":1,"2":1,"3":2,"4":1},"f":{"0":2},"b":{},"_coverageSchema":"1a1c01bbd47fc00a2c39e90264f33305004495a9","hash":"06d403ad0dde9ff99547072ff8a1ca0ca8e02917"}
,"/home/yrto/tests/parque-pessoas-microservice/src/services/isAuthValid.js": {"path":"/home/yrto/tests/parque-pessoas-microservice/src/services/isAuthValid.js","statementMap":{"0":{"start":{"line":1,"column":21},"end":{"line":1,"column":41}},"1":{"start":{"line":2,"column":14},"end":{"line":2,"column":30}},"2":{"start":{"line":3,"column":15},"end":{"line":3,"column":44}},"3":{"start":{"line":7,"column":20},"end":{"line":16,"column":1}},"4":{"start":{"line":8,"column":2},"end":{"line":15,"column":3}},"5":{"start":{"line":9,"column":16},"end":{"line":9,"column":45}},"6":{"start":{"line":10,"column":16},"end":{"line":10,"column":48}},"7":{"start":{"line":11,"column":4},"end":{"line":11,"column":39}},"8":{"start":{"line":13,"column":4},"end":{"line":13,"column":30}},"9":{"start":{"line":14,"column":4},"end":{"line":14,"column":17}},"10":{"start":{"line":20,"column":0},"end":{"line":20,"column":29}}},"fnMap":{"0":{"name":"(anonymous_0)","decl":{"start":{"line":7,"column":20},"end":{"line":7,"column":21}},"loc":{"start":{"line":7,"column":37},"end":{"line":16,"column":1}},"line":7}},"branchMap":{},"s":{"0":1,"1":1,"2":1,"3":1,"4":3,"5":3,"6":3,"7":2,"8":1,"9":1,"10":1},"f":{"0":3},"b":{},"_coverageSchema":"1a1c01bbd47fc00a2c39e90264f33305004495a9","hash":"e348eec6c7185697e74b12cdf88bbd2bf7e73df1"}
}
